<?xml version="1.0" encoding="UTF-8"?>
<!-- Generated by org.testng.reporters.JUnitXMLReporter -->
<testsuite ignored="5" hostname="DESKTOP-CSE7PO0" failures="0" tests="1" name="Default test" time="12.763" errors="0" timestamp="02 Oct 2022 19:22:33 GMT">
  <testcase classname="tests.SignUpTest" name="signUpWithInvalidFistrstName" time="2.136"/>
  <testcase classname="tests.SignUpTest" name="signUpWithInvalidData" time="0.0">
    <ignored/>
  </testcase> <!-- signUpWithInvalidData -->
  <testcase classname="tests.SignUpTest" name="signUpWithFistAndLastNameWithTheSameData" time="0.0">
    <ignored/>
  </testcase> <!-- signUpWithFistAndLastNameWithTheSameData -->
  <testcase classname="tests.SignUpTest" name="signUpWithTheSameMailforTheSecondTime" time="0.0">
    <ignored/>
  </testcase> <!-- signUpWithTheSameMailforTheSecondTime -->
  <testcase classname="tests.SignUpTest" name="signUpWithAValidData" time="0.0">
    <ignored/>
  </testcase> <!-- signUpWithAValidData -->
  <testcase classname="tests.SignUpTest" name="signUpWithInvalidPhoneNumber" time="0.0">
    <ignored/>
  </testcase> <!-- signUpWithInvalidPhoneNumber -->
</testsuite> <!-- Default test -->
