<?xml version="1.0" encoding="UTF-8"?>
<testng-results ignored="5" total="6" passed="1" failed="0" skipped="0">
  <reporter-output>
  </reporter-output>
  <suite started-at="2022-10-02T19:22:20Z" name="Default suite" finished-at="2022-10-02T19:22:33Z" duration-ms="12763">
    <groups>
    </groups>
    <test started-at="2022-10-02T19:22:20Z" name="Default test" finished-at="2022-10-02T19:22:33Z" duration-ms="12763">
      <class name="tests.SignUpTest">
        <test-method is-config="true" signature="openBrowser()[pri:0, instance:tests.SignUpTest@2141a12]" started-at="2022-10-02T19:22:20Z" name="openBrowser" finished-at="2022-10-02T19:22:29Z" duration-ms="8806" status="PASS">
          <reporter-output>
          </reporter-output>
        </test-method> <!-- openBrowser -->
        <test-method is-config="true" signature="setupdata()[pri:0, instance:tests.SignUpTest@2141a12]" started-at="2022-10-02T19:22:29Z" name="setupdata" finished-at="2022-10-02T19:22:29Z" duration-ms="13" status="PASS">
          <reporter-output>
          </reporter-output>
        </test-method> <!-- setupdata -->
        <test-method signature="signUpWithInvalidFistrstName()[pri:0, instance:tests.SignUpTest@2141a12]" started-at="2022-10-02T19:22:29Z" name="signUpWithInvalidFistrstName" finished-at="2022-10-02T19:22:31Z" duration-ms="2136" status="PASS">
          <reporter-output>
          </reporter-output>
        </test-method> <!-- signUpWithInvalidFistrstName -->
        <test-method is-config="true" signature="closeBrowser()[pri:0, instance:tests.SignUpTest@2141a12]" started-at="2022-10-02T19:22:31Z" name="closeBrowser" finished-at="2022-10-02T19:22:33Z" duration-ms="1759" status="PASS">
          <reporter-output>
          </reporter-output>
        </test-method> <!-- closeBrowser -->
      </class> <!-- tests.SignUpTest -->
    </test> <!-- Default test -->
  </suite> <!-- Default suite -->
</testng-results>
